0 info it worked if it ends with ok
1 verbose cli [ '/Users/pl/.nvm/versions/node/v4.9.1/bin/node',
1 verbose cli   '/Users/pl/.nvm/versions/node/v4.9.1/bin/npm',
1 verbose cli   'run',
1 verbose cli   'build' ]
2 info using npm@2.15.11
3 info using node@v4.9.1
4 verbose run-script [ 'prebuild', 'build', 'postbuild' ]
5 info prebuild simple-light-react@0.1.0
6 info build simple-light-react@0.1.0
7 verbose unsafe-perm in lifecycle true
8 info simple-light-react@0.1.0 Failed to exec build script
9 verbose stack Error: simple-light-react@0.1.0 build: `vite build`
9 verbose stack Exit status 1
9 verbose stack     at EventEmitter.<anonymous> (/Users/pl/.nvm/versions/node/v4.9.1/lib/node_modules/npm/lib/utils/lifecycle.js:217:16)
9 verbose stack     at emitTwo (events.js:87:13)
9 verbose stack     at EventEmitter.emit (events.js:172:7)
9 verbose stack     at ChildProcess.<anonymous> (/Users/pl/.nvm/versions/node/v4.9.1/lib/node_modules/npm/lib/utils/spawn.js:24:14)
9 verbose stack     at emitTwo (events.js:87:13)
9 verbose stack     at ChildProcess.emit (events.js:172:7)
9 verbose stack     at maybeClose (internal/child_process.js:862:16)
9 verbose stack     at Process.ChildProcess._handle.onexit (internal/child_process.js:222:5)
10 verbose pkgid simple-light-react@0.1.0
11 verbose cwd /Users/pl/tailwind-landing-page-template
12 error Darwin 21.4.0
13 error argv "/Users/pl/.nvm/versions/node/v4.9.1/bin/node" "/Users/pl/.nvm/versions/node/v4.9.1/bin/npm" "run" "build"
14 error node v4.9.1
15 error npm  v2.15.11
16 error code ELIFECYCLE
17 error simple-light-react@0.1.0 build: `vite build`
17 error Exit status 1
18 error Failed at the simple-light-react@0.1.0 build script 'vite build'.
18 error This is most likely a problem with the simple-light-react package,
18 error not with npm itself.
18 error Tell the author that this fails on your system:
18 error     vite build
18 error You can get information on how to open an issue for this project with:
18 error     npm bugs simple-light-react
18 error Or if that isn't available, you can get their info via:
18 error
18 error     npm owner ls simple-light-react
18 error There is likely additional logging output above.
19 verbose exit [ 1, true ]
